Arguments: 
  /usr/local/bin/node /Users/spencershelton/.node/corepack/yarn/1.22.15/bin/yarn.js add --dev Hardhat

PATH: 
  /usr/local/bin:/usr/bin:/bin:/usr/sbin:/sbin:/Library/Apple/usr/bin

Yarn version: 
  1.22.15

Node version: 
  16.4.0

Platform: 
  darwin x64

Trace: 
  Error: https://registry.yarnpkg.com/Hardhat: Not found
      at Request.params.callback [as _callback] (/Users/spencershelton/.node/corepack/yarn/1.22.15/lib/cli.js:66140:18)
      at Request.self.callback (/Users/spencershelton/.node/corepack/yarn/1.22.15/lib/cli.js:140885:22)
      at Request.emit (node:events:394:28)
      at Request.<anonymous> (/Users/spencershelton/.node/corepack/yarn/1.22.15/lib/cli.js:141857:10)
      at Request.emit (node:events:394:28)
      at IncomingMessage.<anonymous> (/Users/spencershelton/.node/corepack/yarn/1.22.15/lib/cli.js:141779:12)
      at Object.onceWrapper (node:events:513:28)
      at IncomingMessage.emit (node:events:406:35)
      at endReadableNT (node:internal/streams/readable:1329:12)
      at processTicksAndRejections (node:internal/process/task_queues:83:21)

npm manifest: 
  No manifest

yarn manifest: 
  No manifest

Lockfile: 
  No lockfile
